<?xml version="1.0" encoding="UTF-8"?>
<!-- Generated by org.testng.reporters.JUnitReportReporter -->
<testsuite hostname="DESKTOP-LF07CG5" name="com.pack.Tests.CreateAccountTest" tests="1" failures="0" timestamp="2 May 2017 17:48:58 GMT" time="105.457" errors="0">
  <testcase name="verifyCreateAccountFunctionality" time="105.457" classname="com.pack.Tests.CreateAccountTest"/>
</testsuite> <!-- com.pack.Tests.CreateAccountTest -->
