<?xml version="1.0" encoding="UTF-8"?>
<!-- Generated by org.testng.reporters.JUnitReportReporter -->
<testsuite hostname="DESKTOP-LF07CG5" name="com.pack.Tests.Dashboard_DirectoryTest" tests="1" failures="0" timestamp="19 Apr 2017 17:16:45 GMT" time="58.511" errors="0">
  <testcase name="verificationsOfPersonUnderDirectory" time="58.511" classname="com.pack.Tests.Dashboard_DirectoryTest"/>
</testsuite> <!-- com.pack.Tests.Dashboard_DirectoryTest -->
