<?xml version="1.0" encoding="UTF-8"?>
<!-- Generated by org.testng.reporters.JUnitReportReporter -->
<testsuite hostname="DESKTOP-LF07CG5" name="com.pack.Tests.LoginTest" tests="1" failures="0" timestamp="2 May 2017 17:58:45 GMT" time="60.720" errors="0">
  <testcase name="verifyLoginFunctionality" time="60.720" classname="com.pack.Tests.LoginTest"/>
</testsuite> <!-- com.pack.Tests.LoginTest -->
