<?xml version="1.0" encoding="UTF-8"?>
<!-- Generated by org.testng.reporters.JUnitReportReporter -->
<testsuite hostname="DESKTOP-LF07CG5" name="com.pack.Tests.DashBoard_AcademicCalendarTest" tests="2" failures="0" timestamp="26 Apr 2017 18:06:16 GMT" time="16.481" errors="0">
  <testcase name="verificationOfNavigationTabInAcademicCalendar" time="10.952" classname="com.pack.Tests.DashBoard_AcademicCalendarTest"/>
  <testcase name="verifyClickOnDownloadPdf" time="5.529" classname="com.pack.Tests.DashBoard_AcademicCalendarTest"/>
</testsuite> <!-- com.pack.Tests.DashBoard_AcademicCalendarTest -->
